<?xml version="1.0" encoding="UTF-8"?>
<testng-results ignored="0" total="1" passed="1" failed="0" skipped="0">
  <reporter-output>
  </reporter-output>
  <suite started-at="2024-12-05T17:48:01 IST" name="Suite" finished-at="2024-12-05T17:49:07 IST" duration-ms="66077">
    <groups>
      <group name="sanity">
        <method signature="TC_AcctReg.opnReg()[pri:0, instance:testCase.TC_AcctReg@10c626be]" name="opnReg" class="testCase.TC_AcctReg"/>
      </group> <!-- sanity -->
      <group name="master">
        <method signature="TC_AcctReg.opnReg()[pri:0, instance:testCase.TC_AcctReg@10c626be]" name="opnReg" class="testCase.TC_AcctReg"/>
      </group> <!-- master -->
    </groups>
    <test started-at="2024-12-05T17:48:01 IST" name="Test" finished-at="2024-12-05T17:49:07 IST" duration-ms="66077">
      <class name="testCase.TC_AcctReg">
        <test-method is-config="true" signature="setup(java.lang.String,java.lang.String)[pri:0, instance:testCase.TC_AcctReg@10c626be]" started-at="2024-12-05T17:48:01 IST" name="setup" finished-at="2024-12-05T17:48:17 IST" duration-ms="15721" status="PASS">
          <params>
            <param index="0">
              <value>
                <![CDATA[Windows]]>
              </value>
            </param>
            <param index="1">
              <value>
                <![CDATA[chrome]]>
              </value>
            </param>
          </params>
          <reporter-output>
          </reporter-output>
        </test-method> <!-- setup -->
        <test-method signature="opnReg()[pri:0, instance:testCase.TC_AcctReg@10c626be]" started-at="2024-12-05T17:48:17 IST" name="opnReg" finished-at="2024-12-05T17:49:06 IST" duration-ms="49525" status="PASS">
          <reporter-output>
          </reporter-output>
        </test-method> <!-- opnReg -->
        <test-method is-config="true" signature="tearDown()[pri:0, instance:testCase.TC_AcctReg@10c626be]" started-at="2024-12-05T17:49:06 IST" name="tearDown" finished-at="2024-12-05T17:49:07 IST" duration-ms="435" status="PASS">
          <reporter-output>
          </reporter-output>
        </test-method> <!-- tearDown -->
      </class> <!-- testCase.TC_AcctReg -->
    </test> <!-- Test -->
  </suite> <!-- Suite -->
</testng-results>
